2025-12-27 16:55:14,530 [ERROR] LogOutputStream:75 - [STDERR_REDIRECT] Exception in thread "org.eclipse.cdt.internal.ui.text.CReconciler" java.lang.OutOfMemoryError: unable to create native thread: possibly out of memory or process/resource limits reached
2025-12-27 16:55:14,658 [ERROR] LogOutputStream:75 - [STDERR_REDIRECT] 	at java.base/java.lang.Thread.start0(Native Method)
2025-12-27 16:55:14,662 [ERROR] LogOutputStream:75 - [STDERR_REDIRECT] 	at java.base/java.lang.Thread.start(Thread.java:1526)
2025-12-27 16:55:14,667 [ERROR] LogOutputStream:75 - [STDERR_REDIRECT] 	at org.eclipse.jface.text.source.projection.ProjectionSummary$Summarizer.<init>(ProjectionSummary.java:52)
2025-12-27 16:55:14,677 [ERROR] LogOutputStream:75 - [STDERR_REDIRECT] 	at org.eclipse.jface.text.source.projection.ProjectionSummary.updateSummaries(ProjectionSummary.java:143)
2025-12-27 16:55:14,682 [ERROR] LogOutputStream:75 - [STDERR_REDIRECT] 	at org.eclipse.jface.text.source.projection.ProjectionViewer$AnnotationModelListener.processModelChanged(ProjectionViewer.java:125)
2025-12-27 16:55:14,687 [ERROR] LogOutputStream:75 - [STDERR_REDIRECT] 	at org.eclipse.jface.text.source.projection.ProjectionViewer$AnnotationModelListener.modelChanged(ProjectionViewer.java:114)
2025-12-27 16:55:14,696 [ERROR] LogOutputStream:75 - [STDERR_REDIRECT] 	at org.eclipse.jface.text.source.AnnotationModel.fireModelChanged(AnnotationModel.java:592)
2025-12-27 16:55:14,699 [ERROR] LogOutputStream:75 - [STDERR_REDIRECT] 	at org.eclipse.jface.text.source.AnnotationModel$InternalModelListener.modelChanged(AnnotationModel.java:256)
2025-12-27 16:55:14,709 [ERROR] LogOutputStream:75 - [STDERR_REDIRECT] 	at org.eclipse.jface.text.source.AnnotationModel.fireModelChanged(AnnotationModel.java:592)
2025-12-27 16:55:14,712 [ERROR] LogOutputStream:75 - [STDERR_REDIRECT] 	at org.eclipse.jface.text.source.AnnotationModel.fireModelChanged(AnnotationModel.java:558)
2025-12-27 16:55:14,715 [ERROR] LogOutputStream:75 - [STDERR_REDIRECT] 	at org.eclipse.cdt.internal.ui.editor.CDocumentProvider$TranslationUnitAnnotationModel.reportProblems(CDocumentProvider.java:527)
2025-12-27 16:55:14,727 [ERROR] LogOutputStream:75 - [STDERR_REDIRECT] 	at org.eclipse.cdt.internal.ui.editor.CDocumentProvider$TranslationUnitAnnotationModel.internalEndReporting(CDocumentProvider.java:475)
2025-12-27 16:55:14,731 [ERROR] LogOutputStream:75 - [STDERR_REDIRECT] 	at org.eclipse.cdt.internal.ui.editor.CDocumentProvider$TranslationUnitAnnotationModel.endReportingSequence(CDocumentProvider.java:463)
2025-12-27 16:55:14,741 [ERROR] LogOutputStream:75 - [STDERR_REDIRECT] 	at org.eclipse.cdt.internal.ui.text.CCompositeReconcilingStrategy.reconcile(CCompositeReconcilingStrategy.java:92)
2025-12-27 16:55:14,743 [ERROR] LogOutputStream:75 - [STDERR_REDIRECT] 	at org.eclipse.jface.text.reconciler.MonoReconciler.process(MonoReconciler.java:78)
2025-12-27 16:55:14,745 [ERROR] LogOutputStream:75 - [STDERR_REDIRECT] 	at org.eclipse.cdt.internal.ui.text.CReconciler.process(CReconciler.java:346)
2025-12-27 16:55:14,748 [ERROR] LogOutputStream:75 - [STDERR_REDIRECT] 	at org.eclipse.jface.text.reconciler.AbstractReconciler$BackgroundThread.run(AbstractReconciler.java:207)
2025-12-27 18:48:22,086 [INFO] MainUpdater:2872 - connection check result : 10
2025-12-27 18:48:22,101 [INFO] MainUpdater:2872 - connection check result : 10
2025-12-27 18:48:22,452 [INFO] MicroXplorer:468 - Change Database Path : 
2025-12-27 18:48:22,458 [INFO] MicroXplorer:498 - Change Database Version : DB.6.0.141
2025-12-27 18:48:23,026 [ERROR] ProjectManagerView:395 - 
java.lang.NullPointerException: Cannot invoke "javax.swing.JTextField.getText()" because the return value of "java.util.List.get(int)" is null
	at com.st.microxplorer.plugins.projectmanager.gui.ProjectChoiceTab$9.caretUpdate(ProjectChoiceTab.java:2678) ~[filemanager.jar:?]
	at javax.swing.text.JTextComponent.fireCaretUpdate(JTextComponent.java:408) ~[?:?]
	at javax.swing.text.JTextComponent$MutableCaretEvent.fire(JTextComponent.java:4484) ~[?:?]
	at javax.swing.text.JTextComponent$MutableCaretEvent.stateChanged(JTextComponent.java:4506) ~[?:?]
	at javax.swing.text.DefaultCaret.fireStateChanged(DefaultCaret.java:857) ~[?:?]
	at javax.swing.text.DefaultCaret.changeCaretPosition(DefaultCaret.java:1343) ~[?:?]
	at javax.swing.text.DefaultCaret.handleSetDot(DefaultCaret.java:1242) ~[?:?]
	at javax.swing.text.DefaultCaret.setDot(DefaultCaret.java:1223) ~[?:?]
	at javax.swing.text.DefaultCaret$Handler.insertUpdate(DefaultCaret.java:1819) ~[?:?]
	at javax.swing.text.AbstractDocument.fireInsertUpdate(AbstractDocument.java:227) ~[?:?]
	at javax.swing.text.AbstractDocument.handleInsertString(AbstractDocument.java:781) ~[?:?]
	at javax.swing.text.AbstractDocument.insertString(AbstractDocument.java:740) ~[?:?]
	at javax.swing.text.PlainDocument.insertString(PlainDocument.java:131) ~[?:?]
	at javax.swing.text.AbstractDocument.replace(AbstractDocument.java:699) ~[?:?]
	at javax.swing.text.JTextComponent.setText(JTextComponent.java:1725) ~[?:?]
	at com.st.microxplorer.plugins.projectmanager.gui.ProjectChoiceTab.createHeapStackFields(ProjectChoiceTab.java:979) ~[filemanager.jar:?]
	at com.st.microxplorer.plugins.projectmanager.gui.ProjectChoiceTab.buildLinkSettingsPanel(ProjectChoiceTab.java:3766) ~[filemanager.jar:?]
	at com.st.microxplorer.plugins.projectmanager.gui.ProjectChoiceTab.defineWindowsFields(ProjectChoiceTab.java:1962) ~[filemanager.jar:?]
	at com.st.microxplorer.plugins.projectmanager.gui.ProjectChoiceTab.updateSettings(ProjectChoiceTab.java:555) ~[filemanager.jar:?]
	at com.st.microxplorer.plugins.projectmanager.gui.ProjectSettingsPanel.UpdateDialog(ProjectSettingsPanel.java:245) ~[filemanager.jar:?]
	at com.st.microxplorer.plugins.projectmanager.ProjectManagerView.propertyChange(ProjectManagerView.java:392) ~[filemanager.jar:?]
	at java.beans.PropertyChangeSupport.fire(PropertyChangeSupport.java:343) ~[?:?]
	at java.beans.PropertyChangeSupport.firePropertyChange(PropertyChangeSupport.java:335) ~[?:?]
	at java.beans.PropertyChangeSupport.firePropertyChange(PropertyChangeSupport.java:268) ~[?:?]
	at com.st.microxplorer.util.MXPropertyChangeSupport.firePropertyChange(MXPropertyChangeSupport.java:54) ~[STM32CubeMX.jar:?]
	at com.st.microxplorer.mxsystem.MxSystem.closeConfig(MxSystem.java:899) ~[STM32CubeMX.jar:?]
	at com.st.microxplorer.maingui.MainPanel.closeConfig(MainPanel.java:789) ~[STM32CubeMX.jar:?]
	at com.st.microxplorer.plugins.filemanager.engine.OpenFileManager.loadConfigurationFile(OpenFileManager.java:287) ~[filemanager.jar:?]
	at com.st.microxplorer.plugins.filemanager.engine.MainFileManager.userLoadConfig(MainFileManager.java:341) ~[filemanager.jar:?]
	at com.st.microxplorer.plugins.filemanager.engine.MainFileManager.userLoadConfig(MainFileManager.java:319) ~[filemanager.jar:?]
	at com.st.microxplorer.plugins.filemanager.FileManagerView.getSpecificTask(FileManagerView.java:246) ~[filemanager.jar:?]
	at com.st.stm32cube.common.mx.editor.CubeMxEditor.getMxTabbedPaneInstance(CubeMxEditor.java:1198) ~[com.st.stm32cube.common.mx_6.14.1.202504091515/:?]
	at com.st.stm32cube.common.mx.editor.CubeMxEditor$12$1.createSwingComponent(CubeMxEditor.java:1068) ~[com.st.stm32cube.common.mx_6.14.1.202504091515/:?]
	at com.st.stm32cube.common.mx.oss.core.awtswtbridge.EmbeddedSwingComposite.doComponentCreation(EmbeddedSwingComposite.java:492) ~[com.st.stm32cube.common.mx.oss_6.14.1.202504091515/:?]
	at com.st.stm32cube.common.mx.oss.core.awtswtbridge.EmbeddedSwingComposite$4.run(EmbeddedSwingComposite.java:291) ~[com.st.stm32cube.common.mx.oss_6.14.1.202504091515/:?]
	at com.st.stm32cube.common.mx.oss.core.awtswtbridge.AwtEnvironment$2.run(AwtEnvironment.java:166) ~[com.st.stm32cube.common.mx.oss_6.14.1.202504091515/:?]
	at java.awt.event.InvocationEvent.dispatch(InvocationEvent.java:318) ~[?:?]
	at java.awt.EventQueue.dispatchEventImpl(EventQueue.java:773) ~[?:?]
	at java.awt.EventQueue$4.run(EventQueue.java:720) ~[?:?]
	at java.awt.EventQueue$4.run(EventQueue.java:714) ~[?:?]
	at java.security.AccessController.doPrivileged(AccessController.java:400) ~[?:?]
	at java.security.ProtectionDomain$JavaSecurityAccessImpl.doIntersectionPrivilege(ProtectionDomain.java:87) ~[?:?]
	at java.awt.EventQueue.dispatchEvent(EventQueue.java:742) ~[?:?]
	at java.awt.EventDispatchThread.pumpOneEventForFilters(EventDispatchThread.java:203) ~[?:?]
	at java.awt.EventDispatchThread.pumpEventsForFilter(EventDispatchThread.java:124) ~[?:?]
	at java.awt.EventDispatchThread.pumpEventsForHierarchy(EventDispatchThread.java:113) ~[?:?]
	at java.awt.EventDispatchThread.pumpEvents(EventDispatchThread.java:109) ~[?:?]
	at java.awt.EventDispatchThread.pumpEvents(EventDispatchThread.java:101) ~[?:?]
	at java.awt.EventDispatchThread.run(EventDispatchThread.java:90) ~[?:?]
2025-12-27 18:48:23,126 [WARN] ThirdParty:871 - waiting for thirdparty lock release [close project]
2025-12-27 18:48:23,127 [INFO] ThirdParty:873 - entering critical section [close project]
2025-12-27 18:48:23,137 [INFO] ThirdParty:883 - exiting critical section [close project]
2025-12-27 18:48:23,297 [INFO] PinOutPanel:1589 - setPackage(No Configuration,No Configuration)
2025-12-27 18:48:23,661 [WARN] IpParametersView:155 - Warning: This peripheral hasn't parameters
2025-12-27 18:48:23,795 [WARN] MainPanel:289 - <html><b><center>Warning: This peripheral has no parameters to be configured<br></b></html>
2025-12-27 18:48:23,972 [INFO] UtilMem:75 - Begin LoadConfig() Used Memory: 942407360 Bytes (1073741824)
2025-12-27 18:48:23,978 [INFO] MicroXplorer:468 - Change Database Path : 
2025-12-27 18:48:23,979 [INFO] MicroXplorer:498 - Change Database Version : DB.6.0.141
2025-12-27 18:48:23,979 [INFO] OpenFileManager:354 - Change cursor
2025-12-27 18:48:24,265 [INFO] RulesReader:64 - Compatibility file has been processed (302 Rules)
2025-12-27 18:48:24,305 [INFO] Mcu:2011 - Initializing MCU STM32F446R(C-E)Tx STM32F446RETx STM32F446RET6
2025-12-27 18:48:31,598 [INFO] Context:756 - Trying to add GPIOservice into a context  which must be forbidden
2025-12-27 18:48:34,435 [INFO] ImportTextPane:218 - (OptionalMessage_ERROR) Pin6 (VP_RIF_VS_RIF1) cannot be retrieved for this MCU
2025-12-27 18:48:35,153 [INFO] RtosManager:558 - Registered RTOS mode: class=CMSIS, group=RTOS, mode=CMSIS_V1, owner=FREERTOS
2025-12-27 18:48:35,153 [INFO] RtosManager:558 - Registered RTOS mode: class=CMSIS, group=RTOS2, mode=CMSIS_V2, owner=FREERTOS
2025-12-27 18:48:35,154 [INFO] RtosManager:558 - Registered RTOS mode: class=RTOS, group=Core, mode=CMSIS_V1, owner=FREERTOS
2025-12-27 18:48:35,155 [INFO] RtosManager:558 - Registered RTOS mode: class=RTOS, group=Core, mode=CMSIS_V2, owner=FREERTOS
2025-12-27 18:48:35,157 [WARN] ModelIntegratedComponent:184 - Missing modes for component STMicroelectronics:FreeRTOS:0.0.1:STMicroelectronics:RTOS:FreeRTOS:Core:::10.2.0:
2025-12-27 18:48:35,277 [WARN] ModelIntegratedComponent:63 - No mode defined for component null
2025-12-27 18:48:35,278 [WARN] ModelIntegratedComponent:63 - No mode defined for component null
2025-12-27 18:48:35,278 [WARN] ModelIntegratedComponent:63 - No mode defined for component null
2025-12-27 18:48:35,278 [WARN] ModelIntegratedComponent:63 - No mode defined for component null
2025-12-27 18:48:35,278 [WARN] ModelIntegratedComponent:63 - No mode defined for component null
2025-12-27 18:48:35,278 [WARN] ModelIntegratedComponent:63 - No mode defined for component null
2025-12-27 18:48:35,279 [WARN] ModelIntegratedComponent:63 - No mode defined for component null
2025-12-27 18:48:35,279 [WARN] ModelIntegratedComponent:63 - No mode defined for component null
2025-12-27 18:48:35,279 [WARN] ModelIntegratedComponent:63 - No mode defined for component null
2025-12-27 18:48:35,279 [WARN] ModelIntegratedComponent:63 - No mode defined for component null
2025-12-27 18:48:35,280 [WARN] ModelIntegratedComponent:63 - No mode defined for component null
2025-12-27 18:48:35,280 [WARN] ModelIntegratedComponent:63 - No mode defined for component null
2025-12-27 18:48:35,280 [WARN] ModelIntegratedComponent:63 - No mode defined for component null
2025-12-27 18:48:35,280 [WARN] ModelIntegratedComponent:63 - No mode defined for component null
2025-12-27 18:48:35,292 [WARN] ModelIntegratedComponent:63 - No mode defined for component null
2025-12-27 18:48:35,293 [WARN] ModelIntegratedComponent:63 - No mode defined for component null
2025-12-27 18:48:35,293 [WARN] ModelIntegratedComponent:63 - No mode defined for component null
2025-12-27 18:48:35,294 [WARN] ModelIntegratedComponent:63 - No mode defined for component null
2025-12-27 18:48:35,294 [WARN] ModelIntegratedComponent:63 - No mode defined for component null
2025-12-27 18:48:35,294 [WARN] ModelIntegratedComponent:63 - No mode defined for component null
2025-12-27 18:48:35,294 [WARN] ModelIntegratedComponent:63 - No mode defined for component null
2025-12-27 18:48:35,296 [WARN] ModelIntegratedComponent:63 - No mode defined for component null
2025-12-27 18:48:35,296 [WARN] ModelIntegratedComponent:63 - No mode defined for component null
2025-12-27 18:48:35,296 [WARN] ModelIntegratedComponent:63 - No mode defined for component null
2025-12-27 18:48:35,296 [WARN] ModelIntegratedComponent:63 - No mode defined for component null
2025-12-27 18:48:35,296 [WARN] ModelIntegratedComponent:63 - No mode defined for component null
2025-12-27 18:48:35,296 [WARN] ModelIntegratedComponent:63 - No mode defined for component null
2025-12-27 18:48:35,297 [WARN] ModelIntegratedComponent:63 - No mode defined for component null
2025-12-27 18:48:35,297 [WARN] ModelIntegratedComponent:63 - No mode defined for component null
2025-12-27 18:48:35,297 [WARN] ModelIntegratedComponent:63 - No mode defined for component null
2025-12-27 18:48:35,301 [WARN] ModelIntegratedComponent:63 - No mode defined for component null
2025-12-27 18:48:35,302 [WARN] ModelIntegratedComponent:63 - No mode defined for component null
2025-12-27 18:48:35,303 [WARN] ModelIntegratedComponent:63 - No mode defined for component null
2025-12-27 18:48:35,303 [WARN] ModelIntegratedComponent:63 - No mode defined for component null
2025-12-27 18:48:35,305 [WARN] ModelIntegratedComponent:63 - No mode defined for component null
2025-12-27 18:48:35,306 [WARN] ModelPack:524 - Component already loaded: STMicroelectronics:HAL Drivers:0.0.0:STMicroelectronics:Device:STMicro_Driver:XSPI:HAL::0.0.1:HAL_XSPI
2025-12-27 18:48:36,422 [INFO] ThirdPartyModel:298 - Start build external matchings
2025-12-27 18:48:40,996 [INFO] ThirdPartyModel:316 - End build external matchings
2025-12-27 18:48:41,472 [INFO] RtosManager:967 - Current active RTOS is FREERTOS [Cortex-M4NS]
2025-12-27 18:48:41,542 [INFO] ImportTextPane:218 - (OptionalMessage_ERROR) IP (RCC) : Invalid parameter (FamilyName)
2025-12-27 18:48:41,544 [INFO] ImportTextPane:218 - (OptionalMessage_ERROR) IP (RCC) : Parameter (SDIOFreq_Value) has invalid value (84000000)
2025-12-27 18:48:41,544 [INFO] ImportTextPane:218 - (OptionalMessage_ERROR) IP (RCC) : Parameter (USBFreq_Value) has invalid value (84000000)
2025-12-27 18:48:42,208 [INFO] UtilMem:75 - End LoadConfig() Used Memory: 937650888 Bytes (1073741824)
2025-12-27 18:48:42,261 [WARN] ThirdParty:833 - waiting for thirdparty lock release [change project]
2025-12-27 18:48:42,262 [INFO] ThirdParty:835 - entering critical section [change project]
2025-12-27 18:48:42,263 [INFO] ThirdParty:1030 - CMSIS Pack Vendor :STMicroelectronics X-CUBE-PM33A1 1.0.0
2025-12-27 18:48:42,263 [INFO] ThirdParty:1030 - CMSIS Pack Vendor :STMicroelectronics USBPD 4.1
2025-12-27 18:48:42,263 [INFO] ThirdParty:1030 - CMSIS Pack Vendor :STMicroelectronics USB_HOST 2.0.0
2025-12-27 18:48:42,263 [INFO] ThirdParty:1030 - CMSIS Pack Vendor :STMicroelectronics FP-SNS-MOTENVWB1 1.4.0
2025-12-27 18:48:42,263 [INFO] ThirdParty:1030 - CMSIS Pack Vendor :STMicroelectronics X-CUBE-AZRTOS-F4 1.1.0
2025-12-27 18:48:42,263 [INFO] ThirdParty:1030 - CMSIS Pack Vendor :STMicroelectronics LIBJPEG 8.0.0
2025-12-27 18:48:42,263 [INFO] ThirdParty:1030 - CMSIS Pack Vendor :STMicroelectronics FP-ATR-ASTRA1 2.0.2
2025-12-27 18:48:42,263 [INFO] ThirdParty:1030 - CMSIS Pack Vendor :STMicroelectronics FP-ATR-ASTRA1 2.0.1
2025-12-27 18:48:42,263 [INFO] ThirdParty:1030 - CMSIS Pack Vendor :Avnet-IotConnect X-CUBE-IoTC-DA16k-PMOD 1.0.0
2025-12-27 18:48:42,266 [INFO] ThirdParty:1030 - CMSIS Pack Vendor :STMicroelectronics X-CUBE-SMBUS 2.1.0
2025-12-27 18:48:42,267 [INFO] ThirdParty:1030 - CMSIS Pack Vendor :STMicroelectronics X-CUBE-WB05N 1.1.0
2025-12-27 18:48:42,269 [INFO] ThirdParty:1030 - CMSIS Pack Vendor :STMicroelectronics X-CUBE-ISPU 2.1.0
2025-12-27 18:48:42,270 [INFO] ThirdParty:1030 - CMSIS Pack Vendor :STMicroelectronics X-CUBE-ST60 1.0.0
2025-12-27 18:48:42,270 [INFO] ThirdParty:1030 - CMSIS Pack Vendor :STMicroelectronics X-CUBE-NFC12 1.0.0
2025-12-27 18:48:42,270 [INFO] ThirdParty:1030 - CMSIS Pack Vendor :STMicroelectronics X-CUBE-AZRTOS-F7 1.1.0
2025-12-27 18:48:42,270 [INFO] ThirdParty:1030 - CMSIS Pack Vendor :STMicroelectronics X-CUBE-AZRTOS-L5 2.0.0
2025-12-27 18:48:42,270 [INFO] ThirdParty:1030 - CMSIS Pack Vendor :STMicroelectronics USB_DEVICE 2.0.0
2025-12-27 18:48:42,270 [INFO] ThirdParty:1030 - CMSIS Pack Vendor :STMicroelectronics X-CUBE-NFC6 3.1.0
2025-12-27 18:48:42,270 [INFO] ThirdParty:1030 - CMSIS Pack Vendor :STMicroelectronics FreeRTOS 0.0.1
2025-12-27 18:48:42,270 [INFO] ThirdParty:1030 - CMSIS Pack Vendor :STMicroelectronics X-CUBE-DPower 1.2.0
2025-12-27 18:48:42,271 [INFO] ThirdParty:1030 - CMSIS Pack Vendor :STMicroelectronics FP-SNS-FLIGHT1 5.0.2
2025-12-27 18:48:42,271 [INFO] ThirdParty:1030 - CMSIS Pack Vendor :Infineon AIROC-Wi-Fi-Bluetooth-STM32 1.7.0
2025-12-27 18:48:42,271 [INFO] ThirdParty:1030 - CMSIS Pack Vendor :STMicroelectronics PDM2PCM 3.3.0
2025-12-27 18:48:42,271 [INFO] ThirdParty:1030 - CMSIS Pack Vendor :STMicroelectronics X-CUBE-AZRTOS-H7 3.4.0
2025-12-27 18:48:42,271 [INFO] ThirdParty:1030 - CMSIS Pack Vendor :STMicroelectronics X-CUBE-DISPLAY 3.0.0
2025-12-27 18:48:42,271 [INFO] ThirdParty:1030 - CMSIS Pack Vendor :STMicroelectronics X-CUBE-BLE1 7.0.0
2025-12-27 18:48:42,271 [INFO] ThirdParty:1030 - CMSIS Pack Vendor :STMicroelectronics X-CUBE-NFC10 1.0.0
2025-12-27 18:48:42,271 [INFO] ThirdParty:1030 - CMSIS Pack Vendor :STMicroelectronics X-CUBE-BLEMGR 4.0.0
2025-12-27 18:48:42,272 [INFO] ThirdParty:1030 - CMSIS Pack Vendor :STMicroelectronics X-CUBE-FREERTOS 1.3.1
2025-12-27 18:48:42,272 [INFO] ThirdParty:1030 - CMSIS Pack Vendor :STMicroelectronics HAL Drivers 0.0.0
2025-12-27 18:48:42,272 [INFO] ThirdParty:1030 - CMSIS Pack Vendor :STMicroelectronics X-CUBE-ST60 1.1.0
2025-12-27 18:48:42,272 [INFO] ThirdParty:1030 - CMSIS Pack Vendor :emotas I-CUBE-CANOPEN 1.3.0
2025-12-27 18:48:42,272 [INFO] ThirdParty:1030 - CMSIS Pack Vendor :STMicroelectronics X-CUBE-FREERTOS 1.3.0
2025-12-27 18:48:42,272 [INFO] ThirdParty:1030 - CMSIS Pack Vendor :STMicroelectronics X-CUBE-NFC7 1.0.1
2025-12-27 18:48:42,272 [INFO] ThirdParty:1030 - CMSIS Pack Vendor :STMicroelectronics MBEDTLS 2.14.1
2025-12-27 18:48:42,272 [INFO] ThirdParty:1030 - CMSIS Pack Vendor :STMicroelectronics X-CUBE-GNSS1 7.1.0
2025-12-27 18:48:42,272 [INFO] ThirdParty:1030 - CMSIS Pack Vendor :STMicroelectronics X-CUBE-TOUCHGFX 4.26.0
2025-12-27 18:48:42,272 [INFO] ThirdParty:1030 - CMSIS Pack Vendor :STMicroelectronics X-CUBE-AI 10.0.0
2025-12-27 18:48:42,272 [INFO] ThirdParty:1030 - CMSIS Pack Vendor :STMicroelectronics FP-SNS-STAIOTCFT 1.0.0
2025-12-27 18:48:42,272 [INFO] ThirdParty:1030 - CMSIS Pack Vendor :STMicroelectronics FP-SNS-SMARTAG2 1.2.0
2025-12-27 18:48:42,272 [INFO] ThirdParty:1030 - CMSIS Pack Vendor :STMicroelectronics FP-SNS-FLIGHT1 5.1.0
2025-12-27 18:48:42,274 [INFO] ThirdParty:1030 - CMSIS Pack Vendor :STMicroelectronics X-CUBE-MEMS1 11.1.0
2025-12-27 18:48:42,274 [INFO] ThirdParty:1030 - CMSIS Pack Vendor :STMicroelectronics X-CUBE-AZRTOS-WL 2.0.0
2025-12-27 18:48:42,274 [INFO] ThirdParty:1030 - CMSIS Pack Vendor :STMicroelectronics X-CUBE-DPower 1.3.0
2025-12-27 18:48:42,274 [INFO] ThirdParty:1030 - CMSIS Pack Vendor :STMicroelectronics FP-SNS-MOTENV1 5.0.0
2025-12-27 18:48:42,274 [INFO] ThirdParty:1030 - CMSIS Pack Vendor :STMicroelectronics USB_DEVICE 1.0.0
2025-12-27 18:48:42,274 [INFO] ThirdParty:1030 - CMSIS Pack Vendor :STMicroelectronics X-CUBE-AZRTOS-H7RS 1.2.0
2025-12-27 18:48:42,275 [INFO] ThirdParty:1030 - CMSIS Pack Vendor :STMicroelectronics X-CUBE-AZRTOS-L4 2.0.0
2025-12-27 18:48:42,275 [INFO] ThirdParty:1030 - CMSIS Pack Vendor :STMicroelectronics ThreadX 0.0.2
2025-12-27 18:48:42,275 [INFO] ThirdParty:1030 - CMSIS Pack Vendor :WES I-CUBE-Cesium 1.3.0
2025-12-27 18:48:42,275 [INFO] ThirdParty:1030 - CMSIS Pack Vendor :STMicroelectronics lwIP 2.1.2
2025-12-27 18:48:42,276 [INFO] ThirdParty:1030 - CMSIS Pack Vendor :STMicroelectronics X-CUBE-SFXS2LP1 4.0.0
2025-12-27 18:48:42,276 [INFO] ThirdParty:1030 - CMSIS Pack Vendor :STMicroelectronics X-CUBE-BLE2 3.3.0
2025-12-27 18:48:42,276 [INFO] ThirdParty:1030 - CMSIS Pack Vendor :Avnet-IOTCONNECT X-CUBE-iotc-st67-sdk 1.0.0
2025-12-27 18:48:42,276 [INFO] ThirdParty:1030 - CMSIS Pack Vendor :STMicroelectronics PDM2PCM 3.2.0
2025-12-27 18:48:42,276 [INFO] ThirdParty:1030 - CMSIS Pack Vendor :STMicroelectronics X-CUBE-AZRTOS-H7 3.3.0
2025-12-27 18:48:42,276 [INFO] ThirdParty:1030 - CMSIS Pack Vendor :STMicroelectronics X-CUBE-NFC9 1.0.0
2025-12-27 18:48:42,276 [INFO] ThirdParty:1030 - CMSIS Pack Vendor :STMicroelectronics X-CUBE-BLE1 7.1.0
2025-12-27 18:48:42,277 [INFO] ThirdParty:1030 - CMSIS Pack Vendor :STMicroelectronics USB_DEVICE 3.0.0
2025-12-27 18:48:42,277 [INFO] ThirdParty:1030 - CMSIS Pack Vendor :STMicroelectronics X-CUBE-EEPRMA1 5.2.0
2025-12-27 18:48:42,277 [INFO] ThirdParty:1030 - CMSIS Pack Vendor :STMicroelectronics X-CUBE-BLEMGR 4.1.0
2025-12-27 18:48:42,277 [INFO] ThirdParty:1030 - CMSIS Pack Vendor :STMicroelectronics X-CUBE-AZRTOS-WB 2.0.0
2025-12-27 18:48:42,277 [INFO] ThirdParty:1030 - CMSIS Pack Vendor :STMicroelectronics X-CUBE-GNSS1 7.0.1
2025-12-27 18:48:42,277 [INFO] ThirdParty:1030 - CMSIS Pack Vendor :STMicroelectronics X-CUBE-TOUCHGFX 4.25.0
2025-12-27 18:48:42,277 [INFO] ThirdParty:1030 - CMSIS Pack Vendor :STMicroelectronics X-CUBE-AI 10.1.0
2025-12-27 18:48:42,277 [INFO] ThirdParty:1030 - CMSIS Pack Vendor :STMicroelectronics FP-SNS-STBOX1 2.0.0
2025-12-27 18:48:42,277 [INFO] ThirdParty:1030 - CMSIS Pack Vendor :STMicroelectronics X-CUBE-MEMS1 12.0.0
2025-12-27 18:48:42,277 [INFO] ThirdParty:1030 - CMSIS Pack Vendor :STMicroelectronics X-CUBE-MEMS1 11.2.0
2025-12-27 18:48:42,278 [INFO] ThirdParty:1030 - CMSIS Pack Vendor :STMicroelectronics X-CUBE-AZRTOS-G0 1.1.0
2025-12-27 18:48:42,278 [INFO] ThirdParty:1030 - CMSIS Pack Vendor :STMicroelectronics X-CUBE-SAFEA1 1.2.2
2025-12-27 18:48:42,278 [INFO] ThirdParty:1030 - CMSIS Pack Vendor :STMicroelectronics X-CUBE-NFC4 3.0.0
2025-12-27 18:48:42,278 [INFO] ThirdParty:1030 - CMSIS Pack Vendor :STMicroelectronics X-CUBE-SUBG2 5.0.0
2025-12-27 18:48:42,278 [INFO] ThirdParty:1030 - CMSIS Pack Vendor :STMicroelectronics X-CUBE-AZRTOS-H7RS 1.1.0
2025-12-27 18:48:42,278 [INFO] ThirdParty:1030 - CMSIS Pack Vendor :STMicroelectronics STM32_WPAN 1.0.0
2025-12-27 18:48:42,278 [INFO] ThirdParty:1030 - CMSIS Pack Vendor :EmbeddedOffice I-CUBE-FS-RTOS 1.0.1
2025-12-27 18:48:42,278 [INFO] ThirdParty:1030 - CMSIS Pack Vendor :STMicroelectronics lwIP 2.0.3
2025-12-27 18:48:42,278 [INFO] ThirdParty:1030 - CMSIS Pack Vendor :Cesanta I-CUBE-Mongoose 7.13.0
2025-12-27 18:48:42,280 [INFO] ThirdParty:1030 - CMSIS Pack Vendor :STMicroelectronics USB_HOST 1.0.0
2025-12-27 18:48:42,280 [INFO] ThirdParty:1030 - CMSIS Pack Vendor :STMicroelectronics X-CUBE-AZRTOS-G4 2.0.0
2025-12-27 18:48:42,280 [INFO] ThirdParty:1030 - CMSIS Pack Vendor :STMicroelectronics X-CUBE-WB05N 2.0.0
2025-12-27 18:48:42,280 [INFO] ThirdParty:1030 - CMSIS Pack Vendor :STMicroelectronics PDM2PCM 3.1.0
2025-12-27 18:48:42,280 [INFO] ThirdParty:1030 - CMSIS Pack Vendor :wolfSSL I-CUBE-wolfTPM 3.8.0
2025-12-27 18:48:42,280 [INFO] ThirdParty:1030 - CMSIS Pack Vendor :wolfSSL I-CUBE-wolfSSH 1.4.20
2025-12-27 18:48:42,281 [INFO] ThirdParty:1030 - CMSIS Pack Vendor :STMicroelectronics X-CUBE-NFC7 2.0.0
2025-12-27 18:48:42,281 [INFO] ThirdParty:1030 - CMSIS Pack Vendor :RealThread X-CUBE-RT-Thread_Nano 4.1.1
2025-12-27 18:48:42,281 [INFO] ThirdParty:1030 - CMSIS Pack Vendor :STMicroelectronics FP-ATR-SIGFOX1 3.2.0
2025-12-27 18:48:42,283 [INFO] ThirdParty:1030 - CMSIS Pack Vendor :quantropi X-CUBE-qispace-sdk-base 1.9.3
2025-12-27 18:48:42,284 [INFO] ThirdParty:1030 - CMSIS Pack Vendor :STMicroelectronics X-CUBE-EEPRMA1 5.1.0
2025-12-27 18:48:42,284 [INFO] ThirdParty:1030 - CMSIS Pack Vendor :STMicroelectronics MBEDTLS 2.16.2
2025-12-27 18:48:42,284 [INFO] ThirdParty:1030 - CMSIS Pack Vendor :STMicroelectronics X-CUBE-IPS 3.1.0
2025-12-27 18:48:42,284 [INFO] ThirdParty:1030 - CMSIS Pack Vendor :STMicroelectronics X-CUBE-ALS 1.0.2
2025-12-27 18:48:42,285 [INFO] ThirdParty:1030 - CMSIS Pack Vendor :ITTIA_DB I-CUBE-ITTIADB 8.9.0
2025-12-27 18:48:42,285 [INFO] ThirdParty:1030 - CMSIS Pack Vendor :STMicroelectronics X-CUBE-TOUCHGFX 4.24.2
2025-12-27 18:48:42,286 [INFO] ThirdParty:1030 - CMSIS Pack Vendor :STMicroelectronics X-CUBE-STSE01 1.0.0
2025-12-27 18:48:42,286 [INFO] ThirdParty:1030 - CMSIS Pack Vendor :portGmbH I-Cube-SoM-uGOAL 1.1.0
2025-12-27 18:48:42,286 [INFO] ThirdParty:1030 - CMSIS Pack Vendor :STMicroelectronics X-CUBE-ST67W61 1.0.0
2025-12-27 18:48:42,286 [INFO] ThirdParty:1030 - CMSIS Pack Vendor :STMicroelectronics X-CUBE-AI 10.2.0
2025-12-27 18:48:42,286 [INFO] ThirdParty:1030 - CMSIS Pack Vendor :STMicroelectronics ThreadX 1.0.0
2025-12-27 18:48:42,286 [INFO] ThirdParty:1030 - CMSIS Pack Vendor :SEGGER I-CUBE-embOS 1.3.1
2025-12-27 18:48:42,287 [INFO] ThirdParty:1030 - CMSIS Pack Vendor :STMicroelectronics X-CUBE-ALGOBUILD 1.4.0
2025-12-27 18:48:42,287 [INFO] ThirdParty:1030 - CMSIS Pack Vendor :STMicroelectronics X-CUBE-MEMS1 11.3.0
2025-12-27 18:48:42,287 [INFO] ThirdParty:1030 - CMSIS Pack Vendor :STMicroelectronics X-CUBE-AZRTOS-H7RS 1.0.0
2025-12-27 18:48:42,287 [INFO] ThirdParty:1030 - CMSIS Pack Vendor :STMicroelectronics X-CUBE-TOF1 3.4.2
2025-12-27 18:48:42,287 [INFO] ThirdParty:1030 - CMSIS Pack Vendor :STMicroelectronics X-CUBE-TOF1 3.4.3
2025-12-27 18:48:42,288 [INFO] ThirdParty:841 - exiting critical section [change project]
2025-12-27 18:48:44,147 [INFO] PinOutPanel:1589 - setPackage(No Configuration,No Configuration)
2025-12-27 18:48:44,159 [INFO] PinOutPanel:1589 - setPackage(STM32F446RETx,LQFP64)
2025-12-27 18:48:46,002 [INFO] UtilMem:75 - Before build in PCC Used Memory: 822600088 Bytes (1073741824)
2025-12-27 18:48:47,139 [INFO] UtilMem:75 - After build in PCC Used Memory: 874502552 Bytes (1073741824)
2025-12-27 18:48:47,226 [INFO] ApiDbMcu:508 - Load IP Config File for FREERTOS
2025-12-27 18:48:47,440 [INFO] IPUIPlugin:80 - create IPUIPlugin
2025-12-27 18:48:47,441 [INFO] IPUIPlugin:80 - create IPUIPlugin
2025-12-27 18:48:47,441 [INFO] IPUIPlugin:80 - create IPUIPlugin
2025-12-27 18:48:47,445 [INFO] IPUIPlugin:80 - create IPUIPlugin
2025-12-27 18:48:47,447 [INFO] IPUIPlugin:80 - create IPUIPlugin
2025-12-27 18:48:47,453 [INFO] IPUIPlugin:80 - create IPUIPlugin
2025-12-27 18:48:47,453 [INFO] IPUIPlugin:80 - create IPUIPlugin
2025-12-27 18:48:47,454 [INFO] IPUIPlugin:80 - create IPUIPlugin
2025-12-27 18:48:47,461 [INFO] IPUIPlugin:80 - create IPUIPlugin
2025-12-27 18:48:47,463 [INFO] IPUIPlugin:80 - create IPUIPlugin
2025-12-27 18:48:47,469 [INFO] IPUIPlugin:80 - create IPUIPlugin
2025-12-27 18:48:47,474 [INFO] IPUIPlugin:80 - create IPUIPlugin
2025-12-27 18:48:47,475 [INFO] IPUIPlugin:80 - create IPUIPlugin
2025-12-27 18:48:47,477 [INFO] IPUIPlugin:80 - create IPUIPlugin
2025-12-27 18:48:47,478 [INFO] IPUIPlugin:80 - create IPUIPlugin
2025-12-27 18:48:47,478 [INFO] IPUIPlugin:80 - create IPUIPlugin
2025-12-27 18:48:47,479 [INFO] IPUIPlugin:80 - create IPUIPlugin
2025-12-27 18:48:47,479 [INFO] IPUIPlugin:80 - create IPUIPlugin
2025-12-27 18:48:47,480 [INFO] IPUIPlugin:80 - create IPUIPlugin
2025-12-27 18:48:47,480 [INFO] IPUIPlugin:80 - create IPUIPlugin
2025-12-27 18:48:47,487 [INFO] IPUIPlugin:80 - create IPUIPlugin
2025-12-27 18:48:47,488 [INFO] IPUIPlugin:80 - create IPUIPlugin
2025-12-27 18:48:47,488 [INFO] IPUIPlugin:80 - create IPUIPlugin
2025-12-27 18:48:47,489 [INFO] IPUIPlugin:80 - create IPUIPlugin
2025-12-27 18:48:47,491 [INFO] IPUIPlugin:80 - create IPUIPlugin
2025-12-27 18:48:47,493 [INFO] IPUIPlugin:80 - create IPUIPlugin
2025-12-27 18:48:47,494 [INFO] IPUIPlugin:80 - create IPUIPlugin
2025-12-27 18:48:47,494 [INFO] IPUIPlugin:80 - create IPUIPlugin
2025-12-27 18:48:47,495 [INFO] IPUIPlugin:80 - create IPUIPlugin
2025-12-27 18:48:47,495 [INFO] IPUIPlugin:80 - create IPUIPlugin
2025-12-27 18:48:47,496 [INFO] IPUIPlugin:80 - create IPUIPlugin
2025-12-27 18:48:47,502 [INFO] IPUIPlugin:80 - create IPUIPlugin
2025-12-27 18:48:47,503 [INFO] IPUIPlugin:80 - create IPUIPlugin
2025-12-27 18:48:47,504 [INFO] IPUIPlugin:80 - create IPUIPlugin
2025-12-27 18:48:47,504 [INFO] IPUIPlugin:80 - create IPUIPlugin
2025-12-27 18:48:47,506 [INFO] IPUIPlugin:80 - create IPUIPlugin
2025-12-27 18:48:47,507 [INFO] IPUIPlugin:80 - create IPUIPlugin
2025-12-27 18:48:47,508 [INFO] IPUIPlugin:80 - create IPUIPlugin
2025-12-27 18:48:47,509 [INFO] IPUIPlugin:80 - create IPUIPlugin
2025-12-27 18:48:47,510 [INFO] IPUIPlugin:80 - create IPUIPlugin
2025-12-27 18:48:47,510 [INFO] IPUIPlugin:80 - create IPUIPlugin
2025-12-27 18:48:47,511 [INFO] IPUIPlugin:80 - create IPUIPlugin
2025-12-27 18:48:47,512 [INFO] IPUIPlugin:80 - create IPUIPlugin
2025-12-27 18:48:47,513 [INFO] IPUIPlugin:80 - create IPUIPlugin
2025-12-27 18:48:47,514 [INFO] IPUIPlugin:80 - create IPUIPlugin
2025-12-27 18:48:47,521 [INFO] IPUIPlugin:80 - create IPUIPlugin
2025-12-27 18:48:47,523 [INFO] IPUIPlugin:80 - create IPUIPlugin
2025-12-27 18:48:47,524 [INFO] IPUIPlugin:80 - create IPUIPlugin
2025-12-27 18:48:47,525 [INFO] IPUIPlugin:80 - create IPUIPlugin
2025-12-27 18:48:47,527 [INFO] IPUIPlugin:80 - create IPUIPlugin
2025-12-27 18:48:47,529 [INFO] IPUIPlugin:80 - create IPUIPlugin
2025-12-27 18:48:47,531 [INFO] IPUIPlugin:80 - create IPUIPlugin
2025-12-27 18:48:47,543 [INFO] IPUIPlugin:80 - create IPUIPlugin
2025-12-27 18:48:47,545 [INFO] IPUIPlugin:80 - create IPUIPlugin
2025-12-27 18:48:47,546 [INFO] IPUIPlugin:80 - create IPUIPlugin
2025-12-27 18:48:47,547 [INFO] IPUIPlugin:80 - create IPUIPlugin
2025-12-27 18:48:47,552 [INFO] IPUIPlugin:80 - create IPUIPlugin
2025-12-27 18:48:47,558 [INFO] IPUIPlugin:80 - create IPUIPlugin
2025-12-27 18:48:47,560 [INFO] IPUIPlugin:80 - create IPUIPlugin
2025-12-27 18:48:47,561 [INFO] IPUIPlugin:80 - create IPUIPlugin
2025-12-27 18:48:47,605 [INFO] ApiDbMcu:508 - Load IP Config File for PDM2PCM
2025-12-27 18:48:47,653 [WARN] FreeRTOS:1023 - Null or empty value: should not occur! (nothing added to the table)
2025-12-27 18:48:49,293 [INFO] CADModel:165 - CPN selected for project levelSTM32F446RET6
2025-12-27 18:48:49,304 [INFO] CADModel:114 - Register for checkConnection events
2025-12-27 18:48:49,340 [INFO] RtosManager:725 - Active RTOS found at IOC load: FREERTOS [Cortex-M4NS]
2025-12-27 18:48:49,436 [INFO] OpenFileManager:385 - Restore cursor
