2025-12-24 01:55:14,791 [ERROR] LogOutputStream:75 - [STDERR_REDIRECT] 
2025-12-24 22:32:37,130 [INFO] Activator:176 - 


2025-12-24 22:32:37,138 [INFO] Activator:177 - !SESSION log4j initialized
2025-12-24 22:33:01,611 [INFO] LogOutputStream:77 - [STDOUT_REDIRECT] 
2025-12-24 22:33:03,743 [INFO] ApplicationProperties:184 - Using Application install path: C:\ST\STM32CubeIDE_1.17.0\STM32CubeIDE\plugins\com.st.stm32cube.common.mx_6.14.1.202504091515
2025-12-24 22:33:03,832 [INFO] DbMcusXml:78 - Set database path to: C:\ST\STM32CubeIDE_1.17.0\STM32CubeIDE\plugins\com.st.stm32cube.common.mx_6.14.1.202504091515\\db\/mcu/
2025-12-24 22:33:03,834 [INFO] ApiDb:274 - Set plugin database path to: C:\ST\STM32CubeIDE_1.17.0\STM32CubeIDE\plugins\com.st.stm32cube.common.mx_6.14.1.202504091515\\db\/plugins/boardmanager/
2025-12-24 22:33:03,836 [WARN] ApiDb:259 - Overriding images path with different value:  => C:\ST\STM32CubeIDE_1.17.0\STM32CubeIDE\plugins\com.st.stm32cube.common.mx_6.14.1.202504091515\\db\/plugins/mcufinder/images/
2025-12-24 22:33:03,876 [INFO] ApiDb:250 - Set database path to: C:\Users\sande\.stmcufinder\plugins\mcufinder//mcu/
2025-12-24 22:33:03,882 [INFO] DbMcusAds:125 - Set database path to: C:\Users\sande\.stmcufinder\plugins\mcufinder//mcu/
2025-12-24 22:33:03,891 [INFO] CrossReferenceDbSqlite:203 - Set database path to: C:\Users\sande\.stmcufinder\plugins\mcufinder//mcu/cs/
2025-12-24 22:33:04,298 [INFO] RulesReader:64 - Compatibility file has been processed (302 Rules)
2025-12-24 22:33:04,605 [INFO] DbMcusXml:78 - Set database path to: C:\ST\STM32CubeIDE_1.17.0\STM32CubeIDE\plugins\com.st.stm32cube.common.mx_6.14.1.202504091515\\db\/mcu/
2025-12-24 22:33:04,605 [INFO] ApiDb:274 - Set plugin database path to: C:\ST\STM32CubeIDE_1.17.0\STM32CubeIDE\plugins\com.st.stm32cube.common.mx_6.14.1.202504091515\\db\/plugins/boardmanager/
2025-12-24 22:33:04,606 [INFO] ApiDb:261 - Set plugin images path to: C:\ST\STM32CubeIDE_1.17.0\STM32CubeIDE\plugins\com.st.stm32cube.common.mx_6.14.1.202504091515\\db\/plugins/mcufinder/images/
2025-12-24 22:33:04,606 [WARN] DbFile:41 - Overriding database path with different value: C:\Users\sande\.stmcufinder\plugins\mcufinder/ => C:\Users\sande\.stmcufinder\plugins\mcufinder
2025-12-24 22:33:04,606 [INFO] ApiDb:250 - Set database path to: C:\Users\sande\.stmcufinder\plugins\mcufinder//mcu/
2025-12-24 22:33:04,606 [WARN] DbFile:41 - Overriding database path with different value: C:\Users\sande\.stmcufinder\plugins\mcufinder/ => C:\Users\sande\.stmcufinder\plugins\mcufinder
2025-12-24 22:33:04,606 [INFO] DbMcusAds:125 - Set database path to: C:\Users\sande\.stmcufinder\plugins\mcufinder//mcu/
2025-12-24 22:33:04,606 [WARN] DbFile:41 - Overriding database path with different value: C:\Users\sande\.stmcufinder\plugins\mcufinder/ => C:\Users\sande\.stmcufinder\plugins\mcufinder
2025-12-24 22:33:04,608 [WARN] DbFile:41 - Overriding database path with different value: C:\Users\sande\.stmcufinder\plugins\mcufinder/ => C:\Users\sande\.stmcufinder\plugins\mcufinder
2025-12-24 22:33:04,608 [INFO] CrossReferenceDbSqlite:203 - Set database path to: C:\Users\sande\.stmcufinder\plugins\mcufinder//mcu/cs/
2025-12-24 22:33:04,859 [INFO] MainPanel:272 - HeapMemory: 268435456
2025-12-24 22:33:05,324 [INFO] DbMcusXml:78 - Set database path to: C:\ST\STM32CubeIDE_1.17.0\STM32CubeIDE\plugins\com.st.stm32cube.common.mx_6.14.1.202504091515\\db\/mcu/
2025-12-24 22:33:05,325 [INFO] ApiDb:274 - Set plugin database path to: C:\ST\STM32CubeIDE_1.17.0\STM32CubeIDE\plugins\com.st.stm32cube.common.mx_6.14.1.202504091515\\db\/plugins/boardmanager/
2025-12-24 22:33:05,325 [INFO] ApiDb:261 - Set plugin images path to: C:\ST\STM32CubeIDE_1.17.0\STM32CubeIDE\plugins\com.st.stm32cube.common.mx_6.14.1.202504091515\\db\/plugins/mcufinder/images/
2025-12-24 22:33:05,326 [WARN] DbFile:41 - Overriding database path with different value: C:\Users\sande\.stmcufinder\plugins\mcufinder/ => C:\Users\sande\.stmcufinder\plugins\mcufinder
2025-12-24 22:33:05,326 [INFO] ApiDb:250 - Set database path to: C:\Users\sande\.stmcufinder\plugins\mcufinder//mcu/
2025-12-24 22:33:05,326 [WARN] DbFile:41 - Overriding database path with different value: C:\Users\sande\.stmcufinder\plugins\mcufinder/ => C:\Users\sande\.stmcufinder\plugins\mcufinder
2025-12-24 22:33:05,326 [INFO] DbMcusAds:125 - Set database path to: C:\Users\sande\.stmcufinder\plugins\mcufinder//mcu/
2025-12-24 22:33:05,326 [WARN] DbFile:41 - Overriding database path with different value: C:\Users\sande\.stmcufinder\plugins\mcufinder/ => C:\Users\sande\.stmcufinder\plugins\mcufinder
2025-12-24 22:33:05,326 [WARN] DbFile:41 - Overriding database path with different value: C:\Users\sande\.stmcufinder\plugins\mcufinder/ => C:\Users\sande\.stmcufinder\plugins\mcufinder
2025-12-24 22:33:05,328 [INFO] CrossReferenceDbSqlite:203 - Set database path to: C:\Users\sande\.stmcufinder\plugins\mcufinder//mcu/cs/
2025-12-24 22:33:05,376 [INFO] ApplicationProperties:184 - Using Application install path: C:\ST\STM32CubeIDE_1.17.0\STM32CubeIDE\plugins\com.st.stm32cube.common.mx_6.14.1.202504091515
2025-12-24 22:33:05,379 [INFO] PluginManage:196 - Search for loadable plugins [exclusion list=, ]
2025-12-24 22:33:05,382 [INFO] PluginManage:310 - Check plugin analytics
2025-12-24 22:33:05,922 [INFO] AnalyticsPlugin:253 - Accepted Software Licenses: 
2025-12-24 22:33:05,922 [INFO] AnalyticsPlugin:255 - Accepted CMSIS Pack Licenses: 
2025-12-24 22:33:05,923 [INFO] AnalyticsPlugin:257 - Accepted Firmware Licenses: FW.H7.1.12.0,FW.F7.1.17.0,FW.F4.1.28.0
2025-12-24 22:33:05,931 [INFO] PluginManage:359 - Loaded plugin analytics (category:tool,tabindex:-1)
2025-12-24 22:33:05,932 [INFO] PluginManage:310 - Check plugin cadmodel
2025-12-24 22:33:05,950 [INFO] CADModel:105 - Init CAD model plugin
2025-12-24 22:33:05,951 [INFO] PluginManage:359 - Loaded plugin cadmodel (category:power,tabindex:5)
2025-12-24 22:33:05,951 [INFO] PluginManage:310 - Check plugin clock
2025-12-24 22:33:05,978 [INFO] PluginManage:359 - Loaded plugin clock (category:base,tabindex:2)
2025-12-24 22:33:05,979 [INFO] PluginManage:310 - Check plugin ddr
2025-12-24 22:33:05,986 [INFO] PluginManage:359 - Loaded plugin ddr (category:tool,tabindex:6)
2025-12-24 22:33:05,987 [INFO] PluginManage:310 - Check plugin filemanager
2025-12-24 22:33:06,479 [INFO] PluginManage:359 - Loaded plugin filemanager (category:base,tabindex:10)
2025-12-24 22:33:06,480 [INFO] PluginManage:310 - Check plugin ipmanager
2025-12-24 22:33:06,500 [INFO] PluginManage:359 - Loaded plugin ipmanager (category:base,tabindex:5)
2025-12-24 22:33:06,501 [INFO] PluginManage:310 - Check plugin lpbam
2025-12-24 22:33:06,526 [INFO] PluginManage:359 - Loaded plugin lpbam (category:base,tabindex:0)
2025-12-24 22:33:06,527 [INFO] PluginManage:310 - Check plugin memorymap
2025-12-24 22:33:06,575 [INFO] PluginManage:359 - Loaded plugin memorymap (category:base,tabindex:4)
2025-12-24 22:33:06,576 [INFO] PluginManage:310 - Check plugin pinoutandconfiguration
2025-12-24 22:33:06,611 [INFO] PluginManage:359 - Loaded plugin pinoutandconfiguration (category:base,tabindex:1)
2025-12-24 22:33:06,611 [INFO] PluginManage:310 - Check plugin pinoutconfig
2025-12-24 22:33:06,947 [WARN] SupportedApi:132 - Cannot load RTOS API schema: s4s-elt-must-match.1: The content of 'definitions' must match (annotation?, (simpleType | complexType)?, (unique | key | keyref)*)). A problem was found starting at: attribute.
2025-12-24 22:33:07,431 [INFO] PluginManage:359 - Loaded plugin pinoutconfig (category:base,tabindex:0)
2025-12-24 22:33:07,431 [INFO] PluginManage:310 - Check plugin power
2025-12-24 22:33:07,465 [INFO] PluginManage:359 - Loaded plugin power (category:power,tabindex:4)
2025-12-24 22:33:07,466 [INFO] PluginManage:310 - Check plugin projectmanager
2025-12-24 22:33:07,522 [INFO] PluginManage:359 - Loaded plugin projectmanager (category:projectmanager,tabindex:4)
2025-12-24 22:33:07,523 [INFO] PluginManage:310 - Check plugin rif
2025-12-24 22:33:07,548 [INFO] PluginManage:359 - Loaded plugin rif (category:base,tabindex:3)
2025-12-24 22:33:07,549 [INFO] PluginManage:310 - Check plugin thirdparty
2025-12-24 22:33:08,040 [INFO] PluginManage:359 - Loaded plugin thirdparty (category:base,tabindex:-1)
2025-12-24 22:33:08,040 [WARN] IntegrityCheckThread:84 - waiting for thirdparty lock release [integrity check]
2025-12-24 22:33:08,042 [INFO] IntegrityCheckThread:86 - entering critical section [integrity check]
2025-12-24 22:33:08,042 [INFO] PluginManage:310 - Check plugin tools
2025-12-24 22:33:08,042 [INFO] ThirdPartyUpdaterWithRetryManager:70 - Updater plugin not ready yet. [1/15]
2025-12-24 22:33:08,049 [INFO] PluginManage:359 - Loaded plugin tools (category:base,tabindex:7)
2025-12-24 22:33:08,050 [INFO] PluginManage:310 - Check plugin tutovideos
2025-12-24 22:33:08,868 [INFO] PluginManage:359 - Loaded plugin tutovideos (category:base,tabindex:-1)
2025-12-24 22:33:08,869 [INFO] PluginManage:310 - Check plugin updater
2025-12-24 22:33:08,970 [INFO] PluginManage:359 - Loaded plugin updater (category:base,tabindex:12)
2025-12-24 22:33:08,970 [INFO] PluginManage:310 - Check plugin userauth
2025-12-24 22:33:08,985 [INFO] UserAuth:118 - Init User Auth plugin
2025-12-24 22:33:08,988 [INFO] PluginManage:359 - Loaded plugin userauth (category:base,tabindex:14)
2025-12-24 22:33:08,989 [INFO] PluginManage:283 - PluginManage : Loaded plugins [18]
2025-12-24 22:33:09,578 [INFO] PinOutPanel:1589 - setPackage(No Configuration,No Configuration)
2025-12-24 22:33:09,806 [INFO] CADModel:165 - CPN selected for project level
2025-12-24 22:33:09,807 [INFO] CADModel:114 - Register for checkConnection events
2025-12-24 22:33:09,856 [INFO] IPUIPlugin:80 - create IPUIPlugin
2025-12-24 22:33:09,857 [INFO] PluginManager:220 - loadIPPluginJar : add adc
2025-12-24 22:33:09,865 [INFO] IPUIPlugin:80 - create IPUIPlugin
2025-12-24 22:33:09,866 [INFO] PluginManager:220 - loadIPPluginJar : add aes
2025-12-24 22:33:09,873 [INFO] IPUIPlugin:80 - create IPUIPlugin
2025-12-24 22:33:09,874 [INFO] PluginManager:220 - loadIPPluginJar : add can
2025-12-24 22:33:09,879 [INFO] IPUIPlugin:80 - create IPUIPlugin
2025-12-24 22:33:09,880 [INFO] PluginManager:220 - loadIPPluginJar : add comp
2025-12-24 22:33:09,886 [INFO] IPUIPlugin:80 - create IPUIPlugin
2025-12-24 22:33:09,887 [INFO] PluginManager:220 - loadIPPluginJar : add cryp
2025-12-24 22:33:09,896 [INFO] IPUIPlugin:80 - create IPUIPlugin
2025-12-24 22:33:09,896 [INFO] PluginManager:220 - loadIPPluginJar : add ddr_ctrl_phy
2025-12-24 22:33:09,906 [INFO] IPUIPlugin:80 - create IPUIPlugin
2025-12-24 22:33:09,906 [INFO] PluginManager:220 - loadIPPluginJar : add dfsdm
2025-12-24 22:33:09,923 [INFO] IPUIPlugin:80 - create IPUIPlugin
2025-12-24 22:33:09,924 [INFO] PluginManager:220 - loadIPPluginJar : add dma
2025-12-24 22:33:09,931 [INFO] IPUIPlugin:80 - create IPUIPlugin
2025-12-24 22:33:09,932 [INFO] PluginManager:220 - loadIPPluginJar : add dma3
2025-12-24 22:33:09,941 [INFO] IPUIPlugin:80 - create IPUIPlugin
2025-12-24 22:33:09,941 [INFO] PluginManager:220 - loadIPPluginJar : add extmemmanager
2025-12-24 22:33:09,947 [INFO] IPUIPlugin:80 - create IPUIPlugin
2025-12-24 22:33:09,947 [INFO] PluginManager:220 - loadIPPluginJar : add fatfs
2025-12-24 22:33:09,962 [INFO] IPUIPlugin:80 - create IPUIPlugin
2025-12-24 22:33:09,963 [INFO] PluginManager:220 - loadIPPluginJar : add fmc
2025-12-24 22:33:09,978 [INFO] IPUIPlugin:80 - create IPUIPlugin
2025-12-24 22:33:09,979 [INFO] PluginManager:220 - loadIPPluginJar : add freertos
2025-12-24 22:33:09,984 [INFO] IPUIPlugin:80 - create IPUIPlugin
2025-12-24 22:33:09,984 [INFO] PluginManager:220 - loadIPPluginJar : add genericplugin
2025-12-24 22:33:09,990 [INFO] IPUIPlugin:80 - create IPUIPlugin
2025-12-24 22:33:09,990 [INFO] PluginManager:220 - loadIPPluginJar : add gfxmmu
2025-12-24 22:33:10,004 [INFO] IPUIPlugin:80 - create IPUIPlugin
2025-12-24 22:33:10,005 [INFO] PluginManager:220 - loadIPPluginJar : add gic
2025-12-24 22:33:10,016 [INFO] IPUIPlugin:80 - create IPUIPlugin
2025-12-24 22:33:10,017 [INFO] PluginManager:220 - loadIPPluginJar : add gpio
2025-12-24 22:33:10,025 [INFO] IPUIPlugin:80 - create IPUIPlugin
2025-12-24 22:33:10,026 [INFO] PluginManager:220 - loadIPPluginJar : add gtzc
2025-12-24 22:33:10,035 [INFO] IPUIPlugin:80 - create IPUIPlugin
2025-12-24 22:33:10,035 [INFO] PluginManager:220 - loadIPPluginJar : add hash
2025-12-24 22:33:10,045 [INFO] IPUIPlugin:80 - create IPUIPlugin
2025-12-24 22:33:10,045 [INFO] PluginManager:220 - loadIPPluginJar : add i2c
2025-12-24 22:33:10,052 [INFO] IPUIPlugin:80 - create IPUIPlugin
2025-12-24 22:33:10,052 [INFO] PluginManager:220 - loadIPPluginJar : add i2s
2025-12-24 22:33:10,059 [INFO] IPUIPlugin:80 - create IPUIPlugin
2025-12-24 22:33:10,060 [INFO] PluginManager:220 - loadIPPluginJar : add i3c
2025-12-24 22:33:10,070 [INFO] IPUIPlugin:80 - create IPUIPlugin
2025-12-24 22:33:10,071 [INFO] PluginManager:220 - loadIPPluginJar : add ipddr
2025-12-24 22:33:10,090 [INFO] IPUIPlugin:80 - create IPUIPlugin
2025-12-24 22:33:10,090 [INFO] PluginManager:220 - loadIPPluginJar : add linkedlist
2025-12-24 22:33:10,098 [INFO] IPUIPlugin:80 - create IPUIPlugin
2025-12-24 22:33:10,099 [INFO] PluginManager:220 - loadIPPluginJar : add lorawan
2025-12-24 22:33:10,104 [INFO] IPUIPlugin:80 - create IPUIPlugin
2025-12-24 22:33:10,105 [INFO] PluginManager:220 - loadIPPluginJar : add ltdc
2025-12-24 22:33:10,121 [INFO] IPUIPlugin:80 - create IPUIPlugin
2025-12-24 22:33:10,121 [INFO] PluginManager:220 - loadIPPluginJar : add mdma
2025-12-24 22:33:10,129 [INFO] IPUIPlugin:80 - create IPUIPlugin
2025-12-24 22:33:10,130 [INFO] PluginManager:220 - loadIPPluginJar : add nvic
2025-12-24 22:33:10,139 [INFO] IPUIPlugin:80 - create IPUIPlugin
2025-12-24 22:33:10,140 [INFO] PluginManager:220 - loadIPPluginJar : add opamp
2025-12-24 22:33:10,152 [INFO] IPUIPlugin:80 - create IPUIPlugin
2025-12-24 22:33:10,152 [INFO] PluginManager:220 - loadIPPluginJar : add openamp
2025-12-24 22:33:10,164 [INFO] IPUIPlugin:80 - create IPUIPlugin
2025-12-24 22:33:10,165 [INFO] PluginManager:220 - loadIPPluginJar : add pdm2pcm
2025-12-24 22:33:10,181 [INFO] IPUIPlugin:80 - create IPUIPlugin
2025-12-24 22:33:10,189 [INFO] PluginManager:220 - loadIPPluginJar : add plateformsettings
2025-12-24 22:33:10,194 [INFO] IPUIPlugin:80 - create IPUIPlugin
2025-12-24 22:33:10,194 [INFO] PluginManager:220 - loadIPPluginJar : add quadspi
2025-12-24 22:33:10,200 [INFO] IPUIPlugin:80 - create IPUIPlugin
2025-12-24 22:33:10,202 [INFO] PluginManager:220 - loadIPPluginJar : add radio
2025-12-24 22:33:10,218 [INFO] IPUIPlugin:80 - create IPUIPlugin
2025-12-24 22:33:10,218 [INFO] PluginManager:220 - loadIPPluginJar : add resmgrutility
2025-12-24 22:33:10,227 [INFO] IPUIPlugin:80 - create IPUIPlugin
2025-12-24 22:33:10,227 [INFO] PluginManager:220 - loadIPPluginJar : add sai
2025-12-24 22:33:10,235 [INFO] IPUIPlugin:80 - create IPUIPlugin
2025-12-24 22:33:10,235 [INFO] PluginManager:220 - loadIPPluginJar : add spi
2025-12-24 22:33:10,249 [INFO] IPUIPlugin:80 - create IPUIPlugin
2025-12-24 22:33:10,249 [INFO] PluginManager:220 - loadIPPluginJar : add stm32_wpan
2025-12-24 22:33:10,255 [INFO] IPUIPlugin:80 - create IPUIPlugin
2025-12-24 22:33:10,256 [INFO] PluginManager:220 - loadIPPluginJar : add tim
2025-12-24 22:33:10,265 [INFO] IPUIPlugin:80 - create IPUIPlugin
2025-12-24 22:33:10,266 [INFO] PluginManager:220 - loadIPPluginJar : add touchsensing
2025-12-24 22:33:10,273 [INFO] IPUIPlugin:80 - create IPUIPlugin
2025-12-24 22:33:10,274 [INFO] PluginManager:220 - loadIPPluginJar : add tracer_emb
2025-12-24 22:33:10,281 [INFO] IPUIPlugin:80 - create IPUIPlugin
2025-12-24 22:33:10,282 [INFO] PluginManager:220 - loadIPPluginJar : add ts
2025-12-24 22:33:10,289 [INFO] IPUIPlugin:80 - create IPUIPlugin
2025-12-24 22:33:10,289 [INFO] PluginManager:220 - loadIPPluginJar : add tsc
2025-12-24 22:33:10,300 [INFO] IPUIPlugin:80 - create IPUIPlugin
2025-12-24 22:33:10,301 [INFO] PluginManager:220 - loadIPPluginJar : add ucpd
2025-12-24 22:33:10,310 [INFO] IPUIPlugin:80 - create IPUIPlugin
2025-12-24 22:33:10,311 [INFO] PluginManager:220 - loadIPPluginJar : add usart
2025-12-24 22:33:10,325 [INFO] IPUIPlugin:80 - create IPUIPlugin
2025-12-24 22:33:10,326 [INFO] PluginManager:220 - loadIPPluginJar : add usbx
2025-12-24 22:33:10,690 [FATAL] Updater:351 - Updater called before beeing initialized
2025-12-24 22:33:10,796 [INFO] RulesReader:64 - Compatibility file has been processed (302 Rules)
2025-12-24 22:33:10,843 [INFO] RulesReader:64 - Compatibility file has been processed (302 Rules)
2025-12-24 22:33:10,869 [INFO] CADModel:165 - CPN selected for project level
2025-12-24 22:33:10,871 [INFO] CADModel:114 - Register for checkConnection events
2025-12-24 22:33:10,871 [FATAL] Updater:351 - Updater called before beeing initialized
2025-12-24 22:33:10,871 [ERROR] CADModel:125 - Updater not yet initialized, retry later 
2025-12-24 22:33:11,051 [INFO] ThirdPartyUpdaterWithRetryManager:70 - Updater plugin not ready yet. [2/15]
2025-12-24 22:33:11,376 [FATAL] Updater:351 - Updater called before beeing initialized
2025-12-24 22:33:11,382 [INFO] CADModel:165 - CPN selected for project level
2025-12-24 22:33:11,382 [INFO] CADModel:114 - Register for checkConnection events
2025-12-24 22:33:11,383 [FATAL] Updater:351 - Updater called before beeing initialized
2025-12-24 22:33:11,383 [ERROR] CADModel:125 - Updater not yet initialized, retry later 
2025-12-24 22:33:11,394 [FATAL] Updater:351 - Updater called before beeing initialized
2025-12-24 22:33:11,753 [FATAL] Updater:351 - Updater called before beeing initialized
2025-12-24 22:33:11,766 [INFO] DbMcusAds:53 - JSON generation date=Tue Dec 16 04:41:46 IST 2025 (1765840306612)
2025-12-24 22:33:11,766 [FATAL] Updater:351 - Updater called before beeing initialized
2025-12-24 22:33:11,908 [WARN] DetailPanel:346 - Failed to get advertising image, set to default
2025-12-24 22:33:12,691 [FATAL] Updater:351 - Updater called before beeing initialized
2025-12-24 22:33:12,699 [FATAL] Updater:351 - Updater called before beeing initialized
2025-12-24 22:33:12,699 [FATAL] Updater:351 - Updater called before beeing initialized
2025-12-24 22:33:12,699 [WARN] DetailPanel:346 - Failed to get advertising image, set to default
2025-12-24 22:33:12,702 [FATAL] Updater:351 - Updater called before beeing initialized
2025-12-24 22:33:12,829 [ERROR] Updater:1198 - MainUpdater not yet initialized. External WinMGr cannot be set.
2025-12-24 22:33:12,835 [INFO] Updater:1134 - Updater Version found : 6.14.1
2025-12-24 22:33:12,876 [INFO] ApplicationProperties:184 - Using Application install path: C:\ST\STM32CubeIDE_1.17.0\STM32CubeIDE\plugins\com.st.stm32cube.common.mx_6.14.1.202504091515
2025-12-24 22:33:14,055 [FATAL] Updater:351 - Updater called before beeing initialized
2025-12-24 22:33:14,057 [ERROR] IntegrityCheckThread:130 - Cannot retrieve database content from updater: error 21
2025-12-24 22:33:14,058 [INFO] ThirdParty:978 - Integrity check success = false
2025-12-24 22:33:14,058 [INFO] IntegrityCheckThread:100 - exiting critical section [integrity check]
2025-12-24 22:33:14,058 [INFO] IntegrityCheckThread:103 - End integrity checks thread
2025-12-24 22:33:14,513 [ERROR] LogOutputStream:75 - [STDERR_REDIRECT] Dec 24, 2025 10:33:14 PM java.util.prefs.WindowsPreferences <init>
2025-12-24 22:33:14,523 [ERROR] LogOutputStream:75 - [STDERR_REDIRECT] WARNING: Could not open/create prefs root node Software\JavaSoft\Prefs at root 0xffffffff80000002. Windows RegCreateKeyEx(...) returned error code 5.
2025-12-24 22:33:14,525 [ERROR] LogOutputStream:75 - [STDERR_REDIRECT] 
2025-12-24 22:33:15,439 [INFO] MainUpdater:2872 - connection check result : 10
2025-12-24 22:33:15,443 [INFO] MainUpdater:289 - Updater Check For Update Now.
2025-12-24 22:33:15,444 [INFO] MicroXplorer:498 - Change Database Version : DB.6.0.141
2025-12-24 22:33:15,475 [INFO] McuFinderGlobals:63 - Set McuFinder mode to 2 (CubeIDE integrated)
2025-12-24 22:33:15,482 [INFO] UserAuth:484 - Internet connection configuration mode: 1
2025-12-24 22:33:15,569 [INFO] JxBrowserEngine:152 - Initiate JxBrowser Engine with user profile folder
2025-12-24 22:33:15,904 [INFO] CheckServerUpdateThread:120 - End of CheckServer Thread
2025-12-24 22:33:19,127 [INFO] WebApp:169 - Instantiating new browser for Auth
2025-12-24 22:33:21,129 [INFO] WebApp:463 - Apply proxy settings
2025-12-24 22:33:21,131 [INFO] WebApp:548 - Chromium requires no authentication
2025-12-24 22:33:21,151 [INFO] WebApp:491 - Direct internet connection detected
2025-12-24 22:33:21,203 [INFO] WebApp:894 - Register for checkConnection events
2025-12-24 22:33:21,205 [INFO] WebApp:463 - Apply proxy settings
2025-12-24 22:33:21,205 [INFO] WebApp:548 - Chromium requires no authentication
2025-12-24 22:33:21,206 [INFO] WebApp:491 - Direct internet connection detected
2025-12-24 22:33:21,435 [INFO] WebApp:191 - Connection restablished
2025-12-24 22:33:21,735 [INFO] WebApp:225 - Starting web application
2025-12-24 22:33:21,737 [INFO] WebApp:593 - Web application path used C:\ST\STM32CubeIDE_1.17.0\STM32CubeIDE\plugins\com.st.stm32cube.common.mx_6.14.1.202504091515\db\plugins\mcufinder\reactClient1\index.html
2025-12-24 22:33:22,503 [INFO] UserAuth:484 - Internet connection configuration mode: 1
